# JRE version: OpenJDK Runtime Environment (8.0_152-b02) (build 1.8.0_152-release-1024-b02)
# Java VM: OpenJDK 64-Bit Server VM (25.152-b02 mixed mode windows-amd64 compressed oops)
Heap:
 PSYoungGen      total 264704K, used 174208K [0x00000000e0000000, 0x00000000f2580000, 0x0000000100000000)
  eden space 229888K, 67% used [0x00000000e0000000,0x00000000e973afa8,0x00000000ee080000)
  from space 34816K, 55% used [0x00000000f0380000,0x00000000f1665270,0x00000000f2580000)
  to   space 35328K, 0% used [0x00000000ee080000,0x00000000ee080000,0x00000000f0300000)
 ParOldGen       total 97792K, used 38540K [0x00000000a0000000, 0x00000000a5f80000, 0x00000000e0000000)
  object space 97792K, 39% used [0x00000000a0000000,0x00000000a25a31f0,0x00000000a5f80000)
 Metaspace       used 76781K, capacity 79418K, committed 79656K, reserved 1118208K
  class space    used 9941K, capacity 10488K, committed 10544K, reserved 1048576K
GC Heap History (10 events):
Event: 112.858 GC heap before
{Heap before GC invocations=18 (full 3):
 PSYoungGen      total 158720K, used 139264K [0x00000000e0000000, 0x00000000ec800000, 0x0000000100000000)
  eden space 139264K, 100% used [0x00000000e0000000,0x00000000e8800000,0x00000000e8800000)
  from space 19456K, 0% used [0x00000000e9d00000,0x00000000e9d00000,0x00000000eb000000)
  to   space 21504K, 0% used [0x00000000e8800000,0x00000000e8800000,0x00000000e9d00000)
 ParOldGen       total 70144K, used 30501K [0x00000000a0000000, 0x00000000a4480000, 0x00000000e0000000)
  object space 70144K, 43% used [0x00000000a0000000,0x00000000a1dc94a0,0x00000000a4480000)
 Metaspace       used 68253K, capacity 70524K, committed 70696K, reserved 1110016K
  class space    used 9265K, capacity 9767K, committed 9776K, reserved 1048576K
Event: 113.304 GC heap after
Heap after GC invocations=18 (full 3):
 PSYoungGen      total 160768K, used 21501K [0x00000000e0000000, 0x00000000efa00000, 0x0000000100000000)
  eden space 139264K, 0% used [0x00000000e0000000,0x00000000e0000000,0x00000000e8800000)
  from space 21504K, 99% used [0x00000000e8800000,0x00000000e9cff618,0x00000000e9d00000)
  to   space 30720K, 0% used [0x00000000edc00000,0x00000000edc00000,0x00000000efa00000)
 ParOldGen       total 70144K, used 45112K [0x00000000a0000000, 0x00000000a4480000, 0x00000000e0000000)
  object space 70144K, 64% used [0x00000000a0000000,0x00000000a2c0e220,0x00000000a4480000)
 Metaspace       used 68253K, capacity 70524K, committed 70696K, reserved 1110016K
  class space    used 9265K, capacity 9767K, committed 9776K, reserved 1048576K
}
Event: 433.056 GC heap before
{Heap before GC invocations=19 (full 3):
 PSYoungGen      total 160768K, used 160765K [0x00000000e0000000, 0x00000000efa00000, 0x0000000100000000)
  eden space 139264K, 100% used [0x00000000e0000000,0x00000000e8800000,0x00000000e8800000)
  from space 21504K, 99% used [0x00000000e8800000,0x00000000e9cff618,0x00000000e9d00000)
  to   space 30720K, 0% used [0x00000000edc00000,0x00000000edc00000,0x00000000efa00000)
 ParOldGen       total 70144K, used 45112K [0x00000000a0000000, 0x00000000a4480000, 0x00000000e0000000)
  object space 70144K, 64% used [0x00000000a0000000,0x00000000a2c0e220,0x00000000a4480000)
 Metaspace       used 73558K, capacity 76160K, committed 76200K, reserved 1116160K
  class space    used 9835K, capacity 10397K, committed 10416K, reserved 1048576K
Event: 434.572 GC heap after
Heap after GC invocations=19 (full 3):
 PSYoungGen      total 220672K, used 29698K [0x00000000e0000000, 0x00000000efe80000, 0x0000000100000000)
  eden space 189952K, 0% used [0x00000000e0000000,0x00000000e0000000,0x00000000eb980000)
  from space 30720K, 96% used [0x00000000edc00000,0x00000000ef900b88,0x00000000efa00000)
  to   space 35328K, 0% used [0x00000000eb980000,0x00000000eb980000,0x00000000edc00000)
 ParOldGen       total 70144K, used 45120K [0x00000000a0000000, 0x00000000a4480000, 0x00000000e0000000)
  object space 70144K, 64% used [0x00000000a0000000,0x00000000a2c10220,0x00000000a4480000)
 Metaspace       used 73558K, capacity 76160K, committed 76200K, reserved 1116160K
  class space    used 9835K, capacity 10397K, committed 10416K, reserved 1048576K
}
Event: 1534.523 GC heap before
{Heap before GC invocations=20 (full 3):
 PSYoungGen      total 220672K, used 219650K [0x00000000e0000000, 0x00000000efe80000, 0x0000000100000000)
  eden space 189952K, 100% used [0x00000000e0000000,0x00000000eb980000,0x00000000eb980000)
  from space 30720K, 96% used [0x00000000edc00000,0x00000000ef900b88,0x00000000efa00000)
  to   space 35328K, 0% used [0x00000000eb980000,0x00000000eb980000,0x00000000edc00000)
 ParOldGen       total 70144K, used 45120K [0x00000000a0000000, 0x00000000a4480000, 0x00000000e0000000)
  object space 70144K, 64% used [0x00000000a0000000,0x00000000a2c10220,0x00000000a4480000)
 Metaspace       used 74359K, capacity 76942K, committed 77096K, reserved 1116160K
  class space    used 9847K, capacity 10418K, committed 10544K, reserved 1048576K
Event: 1535.335 GC heap after
Heap after GC invocations=20 (full 3):
 PSYoungGen      total 225280K, used 3026K [0x00000000e0000000, 0x00000000f2580000, 0x0000000100000000)
  eden space 189952K, 0% used [0x00000000e0000000,0x00000000e0000000,0x00000000eb980000)
  from space 35328K, 8% used [0x00000000eb980000,0x00000000ebc74918,0x00000000edc00000)
  to   space 34816K, 0% used [0x00000000f0380000,0x00000000f0380000,0x00000000f2580000)
 ParOldGen       total 70144K, used 67778K [0x00000000a0000000, 0x00000000a4480000, 0x00000000e0000000)
  object space 70144K, 96% used [0x00000000a0000000,0x00000000a42308c0,0x00000000a4480000)
 Metaspace       used 74359K, capacity 76942K, committed 77096K, reserved 1116160K
  class space    used 9847K, capacity 10418K, committed 10544K, reserved 1048576K
}
Event: 1535.335 GC heap before
{Heap before GC invocations=21 (full 4):
 PSYoungGen      total 225280K, used 3026K [0x00000000e0000000, 0x00000000f2580000, 0x0000000100000000)
  eden space 189952K, 0% used [0x00000000e0000000,0x00000000e0000000,0x00000000eb980000)
  from space 35328K, 8% used [0x00000000eb980000,0x00000000ebc74918,0x00000000edc00000)
  to   space 34816K, 0% used [0x00000000f0380000,0x00000000f0380000,0x00000000f2580000)
 ParOldGen       total 70144K, used 67778K [0x00000000a0000000, 0x00000000a4480000, 0x00000000e0000000)
  object space 70144K, 96% used [0x00000000a0000000,0x00000000a42308c0,0x00000000a4480000)
 Metaspace       used 74359K, capacity 76942K, committed 77096K, reserved 1116160K
  class space    used 9847K, capacity 10418K, committed 10544K, reserved 1048576K
Event: 1538.377 GC heap after
Heap after GC invocations=21 (full 4):
 PSYoungGen      total 225280K, used 0K [0x00000000e0000000, 0x00000000f2580000, 0x0000000100000000)
  eden space 189952K, 0% used [0x00000000e0000000,0x00000000e0000000,0x00000000eb980000)
  from space 35328K, 0% used [0x00000000eb980000,0x00000000eb980000,0x00000000edc00000)
  to   space 34816K, 0% used [0x00000000f0380000,0x00000000f0380000,0x00000000f2580000)
 ParOldGen       total 97792K, used 38532K [0x00000000a0000000, 0x00000000a5f80000, 0x00000000e0000000)
  object space 97792K, 39% used [0x00000000a0000000,0x00000000a25a11f0,0x00000000a5f80000)
 Metaspace       used 74329K, capacity 76890K, committed 77096K, reserved 1116160K
  class space    used 9838K, capacity 10400K, committed 10544K, reserved 1048576K
}
Event: 4549.574 GC heap before
{Heap before GC invocations=22 (full 4):
 PSYoungGen      total 225280K, used 189952K [0x00000000e0000000, 0x00000000f2580000, 0x0000000100000000)
  eden space 189952K, 100% used [0x00000000e0000000,0x00000000eb980000,0x00000000eb980000)
  from space 35328K, 0% used [0x00000000eb980000,0x00000000eb980000,0x00000000edc00000)
  to   space 34816K, 0% used [0x00000000f0380000,0x00000000f0380000,0x00000000f2580000)
 ParOldGen       total 97792K, used 38532K [0x00000000a0000000, 0x00000000a5f80000, 0x00000000e0000000)
  object space 97792K, 39% used [0x00000000a0000000,0x00000000a25a11f0,0x00000000a5f80000)
 Metaspace       used 76669K, capacity 79326K, committed 79400K, reserved 1118208K
  class space    used 9939K, capacity 10484K, committed 10544K, reserved 1048576K
Event: 4549.841 GC heap after
Heap after GC invocations=22 (full 4):
 PSYoungGen      total 264704K, used 19348K [0x00000000e0000000, 0x00000000f2580000, 0x0000000100000000)
  eden space 229888K, 0% used [0x00000000e0000000,0x00000000e0000000,0x00000000ee080000)
  from space 34816K, 55% used [0x00000000f0380000,0x00000000f1665270,0x00000000f2580000)
  to   space 35328K, 0% used [0x00000000ee080000,0x00000000ee080000,0x00000000f0300000)
 ParOldGen       total 97792K, used 38540K [0x00000000a0000000, 0x00000000a5f80000, 0x00000000e0000000)
  object space 97792K, 39% used [0x00000000a0000000,0x00000000a25a31f0,0x00000000a5f80000)
 Metaspace       used 76669K, capacity 79326K, committed 79400K, reserved 1118208K
  class space    used 9939K, capacity 10484K, committed 10544K, reserved 1048576K
}

